================================================================================
{
  "payloadType": 2131,
  "ctidTraderAccountId": 43035165,
  "symbolId": 1,
  "bid": 117160,
  "ask": 117160,
  "trendbar": [],
  "sessionClose": 117541,
  "timestamp": 1753275963436
}
================================================================================

================================================================================
{
  "payloadType": 2131,
  "ctidTraderAccountId": 43035165,
  "symbolId": 2,
  "bid": 135330,
  "ask": 135331,
  "trendbar": [],
  "sessionClose": 135335,
  "timestamp": 1753275963437
}
================================================================================

================================================================================
{
  "payloadType": 2131,
  "ctidTraderAccountId": 43035165,
  "symbolId": 4,
  "bid": 14659400,
  "ask": 14659500,
  "trendbar": [],
  "sessionClose": 14663700,
  "timestamp": 1753275963247
}
================================================================================

================================================================================
{
  "payloadType": 2131,
  "ctidTraderAccountId": 43035165,
  "symbolId": 5,
  "bid": 65866,
  "ask": 65866,
  "trendbar": [],
  "sessionClose": 65551,
  "timestamp": 1753275963248
}
================================================================================

================================================================================
{
  "payloadType": 2131,
  "ctidTraderAccountId": 43035165,
  "symbolId": 2,
  "bid": 135331,
  "ask": 135332,
  "trendbar": [],
  "sessionClose": 0,
  "timestamp": 1753275963646
}
================================================================================

================================================================================
{
  "payloadType": 2131,
  "ctidTraderAccountId": 43035165,
  "symbolId": 1,
  "bid": 117161,
  "ask": 117161,
  "trendbar": [],
  "sessionClose": 0,
  "timestamp": 1753275963646
}
================================================================================

================================================================================
{
  "payloadType": 2131,
  "ctidTraderAccountId": 43035165,
  "symbolId": 4,
  "bid": 14659200,
  "ask": 14659300,
  "trendbar": [],
  "sessionClose": 0,
  "timestamp": 1753275963646
}
================================================================================

================================================================================
{
  "payloadType": 2131,
  "ctidTraderAccountId": 43035165,
  "symbolId": 4,
  "bid": 14659300,
  "ask": 14659400,
  "trendbar": [],
  "sessionClose": 0,
  "timestamp": 1753275963836
}
================================================================================

================================================================================
{
  "payloadType": 2131,
  "ctidTraderAccountId": 43035165,
  "symbolId": 1,
  "bid": 117162,
  "ask": 117162,
  "trendbar": [],
  "sessionClose": 0,
  "timestamp": 1753275964639
}
================================================================================

================================================================================
{
  "payloadType": 2131,
  "ctidTraderAccountId": 43035165,
  "symbolId": 4,
  "bid": 14659200,
  "ask": 14659300,
  "trendbar": [],
  "sessionClose": 0,
  "timestamp": 1753275965237
}
================================================================================

================================================================================
{
  "payloadType": 2131,
  "ctidTraderAccountId": 43035165,
  "symbolId": 1,
  "bid": 117161,
  "ask": 0,
  "trendbar": [],
  "sessionClose": 0,
  "timestamp": 1753275965237
}
================================================================================

================================================================================
{
  "payloadType": 2131,
  "ctidTraderAccountId": 43035165,
  "symbolId": 2,
  "bid": 135332,
  "ask": 135333,
  "trendbar": [],
  "sessionClose": 0,
  "timestamp": 1753275965237
}
================================================================================

================================================================================
{
  "payloadType": 2131,
  "ctidTraderAccountId": 43035165,
  "symbolId": 4,
  "bid": 14659300,
  "ask": 14659400,
  "trendbar": [],
  "sessionClose": 0,
  "timestamp": 1753275965637
}
================================================================================

================================================================================
{
  "payloadType": 2131,
  "ctidTraderAccountId": 43035165,
  "symbolId": 1,
  "bid": 117162,
  "ask": 0,
  "trendbar": [],
  "sessionClose": 0,
  "timestamp": 1753275966239
}
================================================================================

================================================================================
{
  "payloadType": 2131,
  "ctidTraderAccountId": 43035165,
  "symbolId": 5,
  "bid": 65867,
  "ask": 65867,
  "trendbar": [],
  "sessionClose": 0,
  "timestamp": 1753275966250
}
================================================================================

================================================================================
{
  "payloadType": 2131,
  "ctidTraderAccountId": 43035165,
  "symbolId": 2,
  "bid": 135333,
  "ask": 135334,
  "trendbar": [],
  "sessionClose": 0,
  "timestamp": 1753275966640
}
================================================================================

================================================================================
{
  "payloadType": 2131,
  "ctidTraderAccountId": 43035165,
  "symbolId": 5,
  "bid": 65866,
  "ask": 0,
  "trendbar": [],
  "sessionClose": 0,
  "timestamp": 1753275966644
}
================================================================================

================================================================================
{
  "payloadType": 2131,
  "ctidTraderAccountId": 43035165,
  "symbolId": 4,
  "bid": 0,
  "ask": 14659300,
  "trendbar": [],
  "sessionClose": 0,
  "timestamp": 1753275967237
}
================================================================================

================================================================================
{
  "payloadType": 2131,
  "ctidTraderAccountId": 43035165,
  "symbolId": 1,
  "bid": 117161,
  "ask": 117161,
  "trendbar": [],
  "sessionClose": 0,
  "timestamp": 1753275967237
}
================================================================================

================================================================================
{
  "payloadType": 2131,
  "ctidTraderAccountId": 43035165,
  "symbolId": 4,
  "bid": 14659400,
  "ask": 14659400,
  "trendbar": [],
  "sessionClose": 0,
  "timestamp": 1753275967644
}
================================================================================

================================================================================
{
  "payloadType": 2131,
  "ctidTraderAccountId": 43035165,
  "symbolId": 5,
  "bid": 65867,
  "ask": 0,
  "trendbar": [],
  "sessionClose": 0,
  "timestamp": 1753275967645
}
================================================================================

================================================================================
{
  "payloadType": 2131,
  "ctidTraderAccountId": 43035165,
  "symbolId": 1,
  "bid": 117162,
  "ask": 117162,
  "trendbar": [],
  "sessionClose": 0,
  "timestamp": 1753275967645
}
================================================================================

================================================================================
{
  "payloadType": 2131,
  "ctidTraderAccountId": 43035165,
  "symbolId": 4,
  "bid": 14659200,
  "ask": 14659200,
  "trendbar": [],
  "sessionClose": 0,
  "timestamp": 1753275967836
}
================================================================================

================================================================================
{
  "payloadType": 2131,
  "ctidTraderAccountId": 43035165,
  "symbolId": 1,
  "bid": 117163,
  "ask": 117163,
  "trendbar": [],
  "sessionClose": 0,
  "timestamp": 1753275967845
}
================================================================================

================================================================================
{
  "payloadType": 2131,
  "ctidTraderAccountId": 43035165,
  "symbolId": 2,
  "bid": 135332,
  "ask": 135333,
  "trendbar": [],
  "sessionClose": 0,
  "timestamp": 1753275968040
}
================================================================================

================================================================================
{
  "payloadType": 2131,
  "ctidTraderAccountId": 43035165,
  "symbolId": 1,
  "bid": 117161,
  "ask": 117161,
  "trendbar": [],
  "sessionClose": 0,
  "timestamp": 1753275968238
}
================================================================================

================================================================================
{
  "payloadType": 2131,
  "ctidTraderAccountId": 43035165,
  "symbolId": 4,
  "bid": 14659300,
  "ask": 14659300,
  "trendbar": [],
  "sessionClose": 0,
  "timestamp": 1753275968238
}
================================================================================

================================================================================
{
  "payloadType": 2131,
  "ctidTraderAccountId": 43035165,
  "symbolId": 5,
  "bid": 65866,
  "ask": 65866,
  "trendbar": [],
  "sessionClose": 0,
  "timestamp": 1753275968238
}
================================================================================

================================================================================
{
  "payloadType": 2131,
  "ctidTraderAccountId": 43035165,
  "symbolId": 5,
  "bid": 65867,
  "ask": 65867,
  "trendbar": [],
  "sessionClose": 0,
  "timestamp": 1753275968848
}
================================================================================

================================================================================
{
  "payloadType": 2131,
  "ctidTraderAccountId": 43035165,
  "symbolId": 1,
  "bid": 117159,
  "ask": 117159,
  "trendbar": [],
  "sessionClose": 0,
  "timestamp": 1753275969240
}
================================================================================

================================================================================
{
  "payloadType": 2131,
  "ctidTraderAccountId": 43035165,
  "symbolId": 4,
  "bid": 14659400,
  "ask": 14659400,
  "trendbar": [],
  "sessionClose": 0,
  "timestamp": 1753275969240
}
================================================================================

================================================================================
{
  "payloadType": 2131,
  "ctidTraderAccountId": 43035165,
  "symbolId": 2,
  "bid": 135330,
  "ask": 135331,
  "trendbar": [],
  "sessionClose": 0,
  "timestamp": 1753275969240
}
================================================================================

================================================================================
{
  "payloadType": 2131,
  "ctidTraderAccountId": 43035165,
  "symbolId": 5,
  "bid": 65866,
  "ask": 65866,
  "trendbar": [],
  "sessionClose": 0,
  "timestamp": 1753275969241
}
================================================================================

================================================================================
{
  "payloadType": 2131,
  "ctidTraderAccountId": 43035165,
  "symbolId": 2,
  "bid": 0,
  "ask": 135332,
  "trendbar": [],
  "sessionClose": 0,
  "timestamp": 1753275969639
}
================================================================================

================================================================================
{
  "payloadType": 2131,
  "ctidTraderAccountId": 43035165,
  "symbolId": 4,
  "bid": 14659000,
  "ask": 14659000,
  "trendbar": [],
  "sessionClose": 0,
  "timestamp": 1753275969840
}
================================================================================

================================================================================
{
  "payloadType": 2131,
  "ctidTraderAccountId": 43035165,
  "symbolId": 2,
  "bid": 135332,
  "ask": 135334,
  "trendbar": [],
  "sessionClose": 0,
  "timestamp": 1753275969840
}
================================================================================

================================================================================
{
  "payloadType": 2131,
  "ctidTraderAccountId": 43035165,
  "symbolId": 2,
  "bid": 135335,
  "ask": 135337,
  "trendbar": [],
  "sessionClose": 0,
  "timestamp": 1753275970239
}
================================================================================

================================================================================
{
  "payloadType": 2131,
  "ctidTraderAccountId": 43035165,
  "symbolId": 1,
  "bid": 0,
  "ask": 117160,
  "trendbar": [],
  "sessionClose": 0,
  "timestamp": 1753275970243
}
================================================================================

================================================================================
{
  "payloadType": 2131,
  "ctidTraderAccountId": 43035165,
  "symbolId": 2,
  "bid": 0,
  "ask": 135336,
  "trendbar": [],
  "sessionClose": 0,
  "timestamp": 1753275970638
}
================================================================================

================================================================================
{
  "payloadType": 2131,
  "ctidTraderAccountId": 43035165,
  "symbolId": 2,
  "bid": 135336,
  "ask": 135337,
  "trendbar": [],
  "sessionClose": 0,
  "timestamp": 1753275970834
}
================================================================================

================================================================================
{
  "payloadType": 2131,
  "ctidTraderAccountId": 43035165,
  "symbolId": 1,
  "bid": 117160,
  "ask": 0,
  "trendbar": [],
  "sessionClose": 0,
  "timestamp": 1753275971035
}
================================================================================

================================================================================
{
  "payloadType": 2131,
  "ctidTraderAccountId": 43035165,
  "symbolId": 2,
  "bid": 135337,
  "ask": 135338,
  "trendbar": [],
  "sessionClose": 0,
  "timestamp": 1753275971437
}
================================================================================

================================================================================
{
  "payloadType": 2131,
  "ctidTraderAccountId": 43035165,
  "symbolId": 4,
  "bid": 14659200,
  "ask": 14659200,
  "trendbar": [],
  "sessionClose": 0,
  "timestamp": 1753275971637
}
================================================================================

================================================================================
{
  "payloadType": 2131,
  "ctidTraderAccountId": 43035165,
  "symbolId": 4,
  "bid": 14659300,
  "ask": 14659300,
  "trendbar": [],
  "sessionClose": 0,
  "timestamp": 1753275971837
}
================================================================================

================================================================================
{
  "payloadType": 2131,
  "ctidTraderAccountId": 43035165,
  "symbolId": 2,
  "bid": 135338,
  "ask": 135339,
  "trendbar": [],
  "sessionClose": 0,
  "timestamp": 1753275971837
}
================================================================================

================================================================================
{
  "payloadType": 2131,
  "ctidTraderAccountId": 43035165,
  "symbolId": 4,
  "bid": 14659000,
  "ask": 14659000,
  "trendbar": [],
  "sessionClose": 0,
  "timestamp": 1753275972239
}
================================================================================

================================================================================
{
  "payloadType": 2131,
  "ctidTraderAccountId": 43035165,
  "symbolId": 1,
  "bid": 117161,
  "ask": 117161,
  "trendbar": [],
  "sessionClose": 0,
  "timestamp": 1753275972636
}
================================================================================

================================================================================
{
  "payloadType": 2131,
  "ctidTraderAccountId": 43035165,
  "symbolId": 4,
  "bid": 14658900,
  "ask": 14658900,
  "trendbar": [],
  "sessionClose": 0,
  "timestamp": 1753275973236
}
================================================================================

================================================================================
{
  "payloadType": 2131,
  "ctidTraderAccountId": 43035165,
  "symbolId": 2,
  "bid": 135339,
  "ask": 135340,
  "trendbar": [],
  "sessionClose": 0,
  "timestamp": 1753275973441
}
================================================================================

================================================================================
{
  "payloadType": 2131,
  "ctidTraderAccountId": 43035165,
  "symbolId": 1,
  "bid": 117162,
  "ask": 117162,
  "trendbar": [],
  "sessionClose": 0,
  "timestamp": 1753275973441
}
================================================================================

================================================================================
{
  "payloadType": 2131,
  "ctidTraderAccountId": 43035165,
  "symbolId": 1,
  "bid": 117161,
  "ask": 117161,
  "trendbar": [],
  "sessionClose": 0,
  "timestamp": 1753275973840
}
================================================================================

================================================================================
{
  "payloadType": 2131,
  "ctidTraderAccountId": 43035165,
  "symbolId": 4,
  "bid": 14659000,
  "ask": 14659000,
  "trendbar": [],
  "sessionClose": 0,
  "timestamp": 1753275974237
}
================================================================================

================================================================================
{
  "payloadType": 2131,
  "ctidTraderAccountId": 43035165,
  "symbolId": 4,
  "bid": 14658900,
  "ask": 14658900,
  "trendbar": [],
  "sessionClose": 0,
  "timestamp": 1753275974441
}
================================================================================

================================================================================
{
  "payloadType": 2131,
  "ctidTraderAccountId": 43035165,
  "symbolId": 1,
  "bid": 117162,
  "ask": 117162,
  "trendbar": [],
  "sessionClose": 0,
  "timestamp": 1753275974640
}
================================================================================

================================================================================
{
  "payloadType": 2131,
  "ctidTraderAccountId": 43035165,
  "symbolId": 4,
  "bid": 14659000,
  "ask": 14659000,
  "trendbar": [],
  "sessionClose": 0,
  "timestamp": 1753275974835
}
================================================================================

================================================================================
{
  "payloadType": 2131,
  "ctidTraderAccountId": 43035165,
  "symbolId": 1,
  "bid": 117161,
  "ask": 117161,
  "trendbar": [],
  "sessionClose": 0,
  "timestamp": 1753275974835
}
================================================================================

================================================================================
{
  "payloadType": 2131,
  "ctidTraderAccountId": 43035165,
  "symbolId": 1,
  "bid": 117162,
  "ask": 117162,
  "trendbar": [],
  "sessionClose": 0,
  "timestamp": 1753275975662
}
================================================================================

================================================================================
{
  "payloadType": 2131,
  "ctidTraderAccountId": 43035165,
  "symbolId": 4,
  "bid": 14658800,
  "ask": 14658800,
  "trendbar": [],
  "sessionClose": 0,
  "timestamp": 1753275975835
}
================================================================================

================================================================================
{
  "payloadType": 2131,
  "ctidTraderAccountId": 43035165,
  "symbolId": 2,
  "bid": 135338,
  "ask": 135339,
  "trendbar": [],
  "sessionClose": 0,
  "timestamp": 1753275975838
}
================================================================================

================================================================================
{
  "payloadType": 2131,
  "ctidTraderAccountId": 43035165,
  "symbolId": 4,
  "bid": 14659000,
  "ask": 14659000,
  "trendbar": [],
  "sessionClose": 0,
  "timestamp": 1753275976040
}
================================================================================

================================================================================
{
  "payloadType": 2131,
  "ctidTraderAccountId": 43035165,
  "symbolId": 5,
  "bid": 65867,
  "ask": 65867,
  "trendbar": [],
  "sessionClose": 0,
  "timestamp": 1753275976239
}
================================================================================

================================================================================
{
  "payloadType": 2131,
  "ctidTraderAccountId": 43035165,
  "symbolId": 1,
  "bid": 117163,
  "ask": 117163,
  "trendbar": [],
  "sessionClose": 0,
  "timestamp": 1753275976240
}
================================================================================

================================================================================
{
  "payloadType": 2131,
  "ctidTraderAccountId": 43035165,
  "symbolId": 4,
  "bid": 14658300,
  "ask": 14658300,
  "trendbar": [],
  "sessionClose": 0,
  "timestamp": 1753275976240
}
================================================================================

================================================================================
{
  "payloadType": 2131,
  "ctidTraderAccountId": 43035165,
  "symbolId": 4,
  "bid": 14658200,
  "ask": 14658200,
  "trendbar": [],
  "sessionClose": 0,
  "timestamp": 1753275976440
}
================================================================================

================================================================================
{
  "payloadType": 2131,
  "ctidTraderAccountId": 43035165,
  "symbolId": 4,
  "bid": 14658300,
  "ask": 14658300,
  "trendbar": [],
  "sessionClose": 0,
  "timestamp": 1753275976637
}
================================================================================

================================================================================
{
  "payloadType": 2131,
  "ctidTraderAccountId": 43035165,
  "symbolId": 5,
  "bid": 65866,
  "ask": 65866,
  "trendbar": [],
  "sessionClose": 0,
  "timestamp": 1753275976837
}
================================================================================

================================================================================
{
  "payloadType": 2131,
  "ctidTraderAccountId": 43035165,
  "symbolId": 4,
  "bid": 14658200,
  "ask": 14658200,
  "trendbar": [],
  "sessionClose": 0,
  "timestamp": 1753275976838
}
================================================================================

================================================================================
{
  "payloadType": 2131,
  "ctidTraderAccountId": 43035165,
  "symbolId": 1,
  "bid": 0,
  "ask": 117164,
  "trendbar": [],
  "sessionClose": 0,
  "timestamp": 1753275977036
}
================================================================================

================================================================================
{
  "payloadType": 2131,
  "ctidTraderAccountId": 43035165,
  "symbolId": 2,
  "bid": 135339,
  "ask": 135340,
  "trendbar": [],
  "sessionClose": 0,
  "timestamp": 1753275977239
}
================================================================================

================================================================================
{
  "payloadType": 2131,
  "ctidTraderAccountId": 43035165,
  "symbolId": 4,
  "bid": 14658100,
  "ask": 0,
  "trendbar": [],
  "sessionClose": 0,
  "timestamp": 1753275977239
}
================================================================================

================================================================================
{
  "payloadType": 2131,
  "ctidTraderAccountId": 43035165,
  "symbolId": 5,
  "bid": 0,
  "ask": 65867,
  "trendbar": [],
  "sessionClose": 0,
  "timestamp": 1753275977240
}
================================================================================

================================================================================
{
  "payloadType": 2131,
  "ctidTraderAccountId": 43035165,
  "symbolId": 1,
  "bid": 0,
  "ask": 117163,
  "trendbar": [],
  "sessionClose": 0,
  "timestamp": 1753275978237
}
================================================================================

================================================================================
{
  "payloadType": 2131,
  "ctidTraderAccountId": 43035165,
  "symbolId": 5,
  "bid": 65867,
  "ask": 0,
  "trendbar": [],
  "sessionClose": 0,
  "timestamp": 1753275978237
}
================================================================================

================================================================================
{
  "payloadType": 2131,
  "ctidTraderAccountId": 43035165,
  "symbolId": 5,
  "bid": 65868,
  "ask": 65868,
  "trendbar": [],
  "sessionClose": 0,
  "timestamp": 1753275979237
}
================================================================================

================================================================================
{
  "payloadType": 2131,
  "ctidTraderAccountId": 43035165,
  "symbolId": 4,
  "bid": 14658000,
  "ask": 14658000,
  "trendbar": [],
  "sessionClose": 0,
  "timestamp": 1753275979237
}
================================================================================

================================================================================
{
  "payloadType": 2131,
  "ctidTraderAccountId": 43035165,
  "symbolId": 5,
  "bid": 65867,
  "ask": 65867,
  "trendbar": [],
  "sessionClose": 0,
  "timestamp": 1753275979439
}
================================================================================

================================================================================
{
  "payloadType": 2131,
  "ctidTraderAccountId": 43035165,
  "symbolId": 4,
  "bid": 14657900,
  "ask": 14657900,
  "trendbar": [],
  "sessionClose": 0,
  "timestamp": 1753275979839
}
================================================================================

================================================================================
{
  "payloadType": 2131,
  "ctidTraderAccountId": 43035165,
  "symbolId": 5,
  "bid": 65866,
  "ask": 65866,
  "trendbar": [],
  "sessionClose": 0,
  "timestamp": 1753275980436
}
================================================================================

================================================================================
{
  "payloadType": 2131,
  "ctidTraderAccountId": 43035165,
  "symbolId": 4,
  "bid": 14658100,
  "ask": 14658100,
  "trendbar": [],
  "sessionClose": 0,
  "timestamp": 1753275980636
}
================================================================================

================================================================================
{
  "payloadType": 2131,
  "ctidTraderAccountId": 43035165,
  "symbolId": 4,
  "bid": 14657900,
  "ask": 14657900,
  "trendbar": [],
  "sessionClose": 0,
  "timestamp": 1753275981639
}
================================================================================

================================================================================
{
  "payloadType": 2131,
  "ctidTraderAccountId": 43035165,
  "symbolId": 1,
  "bid": 117161,
  "ask": 117161,
  "trendbar": [],
  "sessionClose": 0,
  "timestamp": 1753275982637
}
================================================================================

================================================================================
{
  "payloadType": 2131,
  "ctidTraderAccountId": 43035165,
  "symbolId": 4,
  "bid": 14658000,
  "ask": 14658000,
  "trendbar": [],
  "sessionClose": 0,
  "timestamp": 1753275982637
}
================================================================================

================================================================================
{
  "payloadType": 2131,
  "ctidTraderAccountId": 43035165,
  "symbolId": 2,
  "bid": 135338,
  "ask": 135339,
  "trendbar": [],
  "sessionClose": 0,
  "timestamp": 1753275982838
}
================================================================================

================================================================================
{
  "payloadType": 2131,
  "ctidTraderAccountId": 43035165,
  "symbolId": 4,
  "bid": 14658200,
  "ask": 14658200,
  "trendbar": [],
  "sessionClose": 0,
  "timestamp": 1753275982842
}
================================================================================

================================================================================
{
  "payloadType": 2131,
  "ctidTraderAccountId": 43035165,
  "symbolId": 1,
  "bid": 117162,
  "ask": 117162,
  "trendbar": [],
  "sessionClose": 0,
  "timestamp": 1753275983840
}
================================================================================

================================================================================
{
  "payloadType": 2131,
  "ctidTraderAccountId": 43035165,
  "symbolId": 1,
  "bid": 117163,
  "ask": 117163,
  "trendbar": [],
  "sessionClose": 0,
  "timestamp": 1753275984840
}
================================================================================

================================================================================
{
  "payloadType": 2131,
  "ctidTraderAccountId": 43035165,
  "symbolId": 4,
  "bid": 14658000,
  "ask": 14658000,
  "trendbar": [],
  "sessionClose": 0,
  "timestamp": 1753275984840
}
================================================================================

================================================================================
{
  "payloadType": 2131,
  "ctidTraderAccountId": 43035165,
  "symbolId": 5,
  "bid": 65867,
  "ask": 65867,
  "trendbar": [],
  "sessionClose": 0,
  "timestamp": 1753275984841
}
================================================================================

================================================================================
{
  "payloadType": 2131,
  "ctidTraderAccountId": 43035165,
  "symbolId": 4,
  "bid": 14658100,
  "ask": 14658100,
  "trendbar": [],
  "sessionClose": 0,
  "timestamp": 1753275985439
}
================================================================================

================================================================================
{
  "payloadType": 2131,
  "ctidTraderAccountId": 43035165,
  "symbolId": 1,
  "bid": 117162,
  "ask": 117162,
  "trendbar": [],
  "sessionClose": 0,
  "timestamp": 1753275985447
}
================================================================================

================================================================================
{
  "payloadType": 2131,
  "ctidTraderAccountId": 43035165,
  "symbolId": 4,
  "bid": 14657900,
  "ask": 14657900,
  "trendbar": [],
  "sessionClose": 0,
  "timestamp": 1753275985640
}
================================================================================

================================================================================
{
  "payloadType": 2131,
  "ctidTraderAccountId": 43035165,
  "symbolId": 4,
  "bid": 14658100,
  "ask": 14658100,
  "trendbar": [],
  "sessionClose": 0,
  "timestamp": 1753275985839
}
================================================================================

================================================================================
{
  "payloadType": 2131,
  "ctidTraderAccountId": 43035165,
  "symbolId": 2,
  "bid": 135337,
  "ask": 0,
  "trendbar": [],
  "sessionClose": 0,
  "timestamp": 1753275986038
}
================================================================================

================================================================================
{
  "payloadType": 2131,
  "ctidTraderAccountId": 43035165,
  "symbolId": 2,
  "bid": 135338,
  "ask": 0,
  "trendbar": [],
  "sessionClose": 0,
  "timestamp": 1753275987037
}
================================================================================

================================================================================
{
  "payloadType": 2131,
  "ctidTraderAccountId": 43035165,
  "symbolId": 4,
  "bid": 14657800,
  "ask": 14657800,
  "trendbar": [],
  "sessionClose": 0,
  "timestamp": 1753275987834
}
================================================================================

================================================================================
{
  "payloadType": 2131,
  "ctidTraderAccountId": 43035165,
  "symbolId": 4,
  "bid": 14658300,
  "ask": 14658300,
  "trendbar": [],
  "sessionClose": 0,
  "timestamp": 1753275988038
}
================================================================================

================================================================================
{
  "payloadType": 2131,
  "ctidTraderAccountId": 43035165,
  "symbolId": 1,
  "bid": 117160,
  "ask": 117160,
  "trendbar": [],
  "sessionClose": 0,
  "timestamp": 1753275988038
}
================================================================================

================================================================================
{
  "payloadType": 2131,
  "ctidTraderAccountId": 43035165,
  "symbolId": 5,
  "bid": 65866,
  "ask": 65866,
  "trendbar": [],
  "sessionClose": 0,
  "timestamp": 1753275988041
}
================================================================================

================================================================================
{
  "payloadType": 2131,
  "ctidTraderAccountId": 43035165,
  "symbolId": 2,
  "bid": 135337,
  "ask": 135338,
  "trendbar": [],
  "sessionClose": 0,
  "timestamp": 1753275988041
}
================================================================================

================================================================================
{
  "payloadType": 2131,
  "ctidTraderAccountId": 43035165,
  "symbolId": 4,
  "bid": 14658000,
  "ask": 14658000,
  "trendbar": [],
  "sessionClose": 0,
  "timestamp": 1753275988238
}
================================================================================

================================================================================
{
  "payloadType": 2131,
  "ctidTraderAccountId": 43035165,
  "symbolId": 1,
  "bid": 117163,
  "ask": 117163,
  "trendbar": [],
  "sessionClose": 0,
  "timestamp": 1753275988245
}
================================================================================

================================================================================
{
  "payloadType": 2131,
  "ctidTraderAccountId": 43035165,
  "symbolId": 1,
  "bid": 117162,
  "ask": 117162,
  "trendbar": [],
  "sessionClose": 0,
  "timestamp": 1753275988438
}
================================================================================

================================================================================
{
  "payloadType": 2131,
  "ctidTraderAccountId": 43035165,
  "symbolId": 4,
  "bid": 14657900,
  "ask": 14657900,
  "trendbar": [],
  "sessionClose": 0,
  "timestamp": 1753275988836
}
================================================================================

================================================================================
{
  "payloadType": 2131,
  "ctidTraderAccountId": 43035165,
  "symbolId": 2,
  "bid": 135338,
  "ask": 135339,
  "trendbar": [],
  "sessionClose": 0,
  "timestamp": 1753275989243
}
================================================================================

================================================================================
{
  "payloadType": 2131,
  "ctidTraderAccountId": 43035165,
  "symbolId": 4,
  "bid": 0,
  "ask": 14658000,
  "trendbar": [],
  "sessionClose": 0,
  "timestamp": 1753275989243
}
================================================================================

================================================================================
{
  "payloadType": 2131,
  "ctidTraderAccountId": 43035165,
  "symbolId": 1,
  "bid": 117163,
  "ask": 117163,
  "trendbar": [],
  "sessionClose": 0,
  "timestamp": 1753275989243
}
================================================================================

================================================================================
{
  "payloadType": 2131,
  "ctidTraderAccountId": 43035165,
  "symbolId": 1,
  "bid": 117164,
  "ask": 117164,
  "trendbar": [],
  "sessionClose": 0,
  "timestamp": 1753275989439
}
================================================================================

================================================================================
{
  "payloadType": 2131,
  "ctidTraderAccountId": 43035165,
  "symbolId": 4,
  "bid": 14658100,
  "ask": 14658200,
  "trendbar": [],
  "sessionClose": 0,
  "timestamp": 1753275989638
}
================================================================================

================================================================================
{
  "payloadType": 2131,
  "ctidTraderAccountId": 43035165,
  "symbolId": 1,
  "bid": 117163,
  "ask": 117163,
  "trendbar": [],
  "sessionClose": 0,
  "timestamp": 1753275989647
}
================================================================================

================================================================================
{
  "payloadType": 2131,
  "ctidTraderAccountId": 43035165,
  "symbolId": 2,
  "bid": 135337,
  "ask": 135338,
  "trendbar": [],
  "sessionClose": 0,
  "timestamp": 1753275990044
}
================================================================================

================================================================================
{
  "payloadType": 2131,
  "ctidTraderAccountId": 43035165,
  "symbolId": 4,
  "bid": 14658700,
  "ask": 14658800,
  "trendbar": [],
  "sessionClose": 0,
  "timestamp": 1753275990044
}
================================================================================

================================================================================
{
  "payloadType": 2131,
  "ctidTraderAccountId": 43035165,
  "symbolId": 4,
  "bid": 14658900,
  "ask": 14659000,
  "trendbar": [],
  "sessionClose": 0,
  "timestamp": 1753275990240
}
================================================================================

================================================================================
{
  "payloadType": 2131,
  "ctidTraderAccountId": 43035165,
  "symbolId": 4,
  "bid": 14659000,
  "ask": 14659100,
  "trendbar": [],
  "sessionClose": 0,
  "timestamp": 1753275990439
}
================================================================================

================================================================================
{
  "payloadType": 2131,
  "ctidTraderAccountId": 43035165,
  "symbolId": 1,
  "bid": 117162,
  "ask": 117162,
  "trendbar": [],
  "sessionClose": 0,
  "timestamp": 1753275990439
}
================================================================================

================================================================================
{
  "payloadType": 2131,
  "ctidTraderAccountId": 43035165,
  "symbolId": 4,
  "bid": 14658900,
  "ask": 14659000,
  "trendbar": [],
  "sessionClose": 0,
  "timestamp": 1753275990638
}
================================================================================

================================================================================
{
  "payloadType": 2131,
  "ctidTraderAccountId": 43035165,
  "symbolId": 1,
  "bid": 117163,
  "ask": 117163,
  "trendbar": [],
  "sessionClose": 0,
  "timestamp": 1753275990842
}
================================================================================

================================================================================
{
  "payloadType": 2131,
  "ctidTraderAccountId": 43035165,
  "symbolId": 4,
  "bid": 0,
  "ask": 14659100,
  "trendbar": [],
  "sessionClose": 0,
  "timestamp": 1753275991240
}
================================================================================

================================================================================
{
  "payloadType": 2131,
  "ctidTraderAccountId": 43035165,
  "symbolId": 4,
  "bid": 14659000,
  "ask": 14659200,
  "trendbar": [],
  "sessionClose": 0,
  "timestamp": 1753275991444
}
================================================================================

================================================================================
{
  "payloadType": 2131,
  "ctidTraderAccountId": 43035165,
  "symbolId": 5,
  "bid": 65864,
  "ask": 65864,
  "trendbar": [],
  "sessionClose": 0,
  "timestamp": 1753275991644
}
================================================================================

================================================================================
{
  "payloadType": 2131,
  "ctidTraderAccountId": 43035165,
  "symbolId": 5,
  "bid": 65863,
  "ask": 65863,
  "trendbar": [],
  "sessionClose": 0,
  "timestamp": 1753275992241
}
================================================================================

================================================================================
{
  "payloadType": 2131,
  "ctidTraderAccountId": 43035165,
  "symbolId": 4,
  "bid": 14658800,
  "ask": 14659000,
  "trendbar": [],
  "sessionClose": 0,
  "timestamp": 1753275992434
}
================================================================================

================================================================================
{
  "payloadType": 2131,
  "ctidTraderAccountId": 43035165,
  "symbolId": 5,
  "bid": 65864,
  "ask": 65864,
  "trendbar": [],
  "sessionClose": 0,
  "timestamp": 1753275992440
}
================================================================================

================================================================================
{
  "payloadType": 2131,
  "ctidTraderAccountId": 43035165,
  "symbolId": 5,
  "bid": 65863,
  "ask": 0,
  "trendbar": [],
  "sessionClose": 0,
  "timestamp": 1753275993239
}
================================================================================

================================================================================
{
  "payloadType": 2131,
  "ctidTraderAccountId": 43035165,
  "symbolId": 2,
  "bid": 0,
  "ask": 135339,
  "trendbar": [],
  "sessionClose": 0,
  "timestamp": 1753275993239
}
================================================================================

================================================================================
{
  "payloadType": 2131,
  "ctidTraderAccountId": 43035165,
  "symbolId": 4,
  "bid": 14658900,
  "ask": 0,
  "trendbar": [],
  "sessionClose": 0,
  "timestamp": 1753275993239
}
================================================================================

================================================================================
{
  "payloadType": 2131,
  "ctidTraderAccountId": 43035165,
  "symbolId": 4,
  "bid": 14658700,
  "ask": 14658800,
  "trendbar": [],
  "sessionClose": 0,
  "timestamp": 1753275993639
}
================================================================================

================================================================================
{
  "payloadType": 2131,
  "ctidTraderAccountId": 43035165,
  "symbolId": 4,
  "bid": 14658800,
  "ask": 14658900,
  "trendbar": [],
  "sessionClose": 0,
  "timestamp": 1753275993848
}
================================================================================

================================================================================
{
  "payloadType": 2131,
  "ctidTraderAccountId": 43035165,
  "symbolId": 5,
  "bid": 65864,
  "ask": 0,
  "trendbar": [],
  "sessionClose": 0,
  "timestamp": 1753275994041
}
================================================================================

================================================================================
{
  "payloadType": 2131,
  "ctidTraderAccountId": 43035165,
  "symbolId": 2,
  "bid": 135338,
  "ask": 0,
  "trendbar": [],
  "sessionClose": 0,
  "timestamp": 1753275994042
}
================================================================================

================================================================================
{
  "payloadType": 2131,
  "ctidTraderAccountId": 43035165,
  "symbolId": 5,
  "bid": 0,
  "ask": 65865,
  "trendbar": [],
  "sessionClose": 0,
  "timestamp": 1753275994637
}
================================================================================

================================================================================
{
  "payloadType": 2131,
  "ctidTraderAccountId": 43035165,
  "symbolId": 4,
  "bid": 14658100,
  "ask": 14658200,
  "trendbar": [],
  "sessionClose": 0,
  "timestamp": 1753275994637
}
================================================================================

================================================================================
{
  "payloadType": 2131,
  "ctidTraderAccountId": 43035165,
  "symbolId": 1,
  "bid": 117164,
  "ask": 117164,
  "trendbar": [],
  "sessionClose": 0,
  "timestamp": 1753275994637
}
================================================================================

================================================================================
{
  "payloadType": 2131,
  "ctidTraderAccountId": 43035165,
  "symbolId": 2,
  "bid": 0,
  "ask": 135340,
  "trendbar": [],
  "sessionClose": 0,
  "timestamp": 1753275994637
}
================================================================================

================================================================================
{
  "payloadType": 2131,
  "ctidTraderAccountId": 43035165,
  "symbolId": 4,
  "bid": 14658000,
  "ask": 14658100,
  "trendbar": [],
  "sessionClose": 0,
  "timestamp": 1753275994843
}
================================================================================

================================================================================
{
  "payloadType": 2131,
  "ctidTraderAccountId": 43035165,
  "symbolId": 4,
  "bid": 14657900,
  "ask": 0,
  "trendbar": [],
  "sessionClose": 0,
  "timestamp": 1753275995237
}
================================================================================

================================================================================
{
  "payloadType": 2131,
  "ctidTraderAccountId": 43035165,
  "symbolId": 2,
  "bid": 0,
  "ask": 135339,
  "trendbar": [],
  "sessionClose": 0,
  "timestamp": 1753275995237
}
================================================================================

================================================================================
{
  "payloadType": 2131,
  "ctidTraderAccountId": 43035165,
  "symbolId": 5,
  "bid": 65865,
  "ask": 0,
  "trendbar": [],
  "sessionClose": 0,
  "timestamp": 1753275995237
}
================================================================================

================================================================================
{
  "payloadType": 2131,
  "ctidTraderAccountId": 43035165,
  "symbolId": 5,
  "bid": 65863,
  "ask": 65863,
  "trendbar": [],
  "sessionClose": 0,
  "timestamp": 1753275995645
}
================================================================================

================================================================================
{
  "payloadType": 2131,
  "ctidTraderAccountId": 43035165,
  "symbolId": 4,
  "bid": 14658100,
  "ask": 14658300,
  "trendbar": [],
  "sessionClose": 0,
  "timestamp": 1753275995645
}
================================================================================

================================================================================
{
  "payloadType": 2131,
  "ctidTraderAccountId": 43035165,
  "symbolId": 2,
  "bid": 135337,
  "ask": 135338,
  "trendbar": [],
  "sessionClose": 0,
  "timestamp": 1753275995645
}
================================================================================

