2025-07-24 12:18:04,521 - __init__: 4.095040ms
2025-07-24 12:18:06,529 - _start_heartbeat: 0.071600ms
2025-07-24 12:18:06,532 - connect: 2009.113315ms
2025-07-24 12:18:06,549 - on_fix_connected: 0.440951ms
2025-07-24 12:18:06,928 - on_fix_message: 0.047222ms
2025-07-24 12:18:12,541 - place_order: 0.609517ms
2025-07-24 12:18:12,642 - on_fix_message: 0.034768ms
2025-07-24 12:18:12,925 - ORDER_PLACEMENT_TO_FILL_LATENCY: 384.822499ms
2025-07-24 12:18:12,928 - on_fix_message: 2.671346ms
2025-07-24 12:18:17,550 - close_position: 0.524309ms
2025-07-24 12:18:17,642 - on_fix_message: 0.032213ms
2025-07-24 12:18:17,926 - on_fix_message: 0.045031ms
2025-07-24 12:18:19,556 - place_order: 0.490922ms
2025-07-24 12:18:19,648 - on_fix_message: 0.031509ms
2025-07-24 12:18:19,875 - ORDER_PLACEMENT_TO_FILL_LATENCY: 319.915436ms
2025-07-24 12:18:19,878 - on_fix_message: 2.315305ms
2025-07-24 12:18:24,565 - close_position: 0.518572ms
2025-07-24 12:18:24,651 - on_fix_message: 0.041444ms
2025-07-24 12:18:24,889 - on_fix_message: 0.043955ms
2025-07-24 12:18:26,569 - get_active_positions_summary: 0.107199ms
2025-07-24 12:18:26,573 - disconnect: 0.395779ms
2025-07-24 12:18:26,575 - on_fix_disconnected: 0.248723ms
2025-07-24 12:21:00,859 - __init__: 1.360141ms
2025-07-24 12:21:02,865 - _start_heartbeat: 0.042707ms
2025-07-24 12:21:02,868 - connect: 2008.526400ms
2025-07-24 12:21:02,886 - on_fix_connected: 0.409655ms
2025-07-24 12:21:03,249 - on_fix_message: 0.037361ms
2025-07-24 12:21:08,877 - place_order: 0.535425ms
2025-07-24 12:21:08,967 - on_fix_message: 0.030257ms
2025-07-24 12:21:09,201 - ORDER_PLACEMENT_TO_FILL_LATENCY: 325.229935ms
2025-07-24 12:21:09,217 - on_fix_message: 15.423909ms
2025-07-24 12:21:13,885 - close_position: 0.522155ms
2025-07-24 12:21:13,974 - on_fix_message: 0.031155ms
2025-07-24 12:21:14,197 - on_fix_message: 0.039719ms
2025-07-24 12:21:15,891 - place_order: 0.469919ms
2025-07-24 12:21:15,983 - on_fix_message: 0.028677ms
2025-07-24 12:21:16,237 - ORDER_PLACEMENT_TO_FILL_LATENCY: 346.602265ms
2025-07-24 12:21:16,239 - on_fix_message: 2.052870ms
2025-07-24 12:21:20,900 - close_position: 0.713222ms
2025-07-24 12:21:21,001 - on_fix_message: 0.046998ms
2025-07-24 12:21:21,227 - on_fix_message: 0.041455ms
2025-07-24 12:21:22,919 - get_active_positions_summary: 0.115912ms
2025-07-24 12:21:22,923 - disconnect: 0.389971ms
2025-07-24 12:21:22,925 - on_fix_disconnected: 0.282384ms
